Arguments: 
  /usr/local/Cellar/node/18.6.0/bin/node /usr/local/bin/yarn add react-route-dom

PATH: 
  /Users/macpro/Library/Python/3.8/bin:/usr/local/sbin:/Users/macpro/.config/composer/vendor/bin:/Users/macpro/.composer/vendor/bin:/opt/homebrew/opt/php@8.0/bin:/opt/homebrew/opt/php@8.0/sbin:/Library/Frameworks/Python.framework/Versions/3.10/bin:/usr/local/bin:/usr/bin:/bin:/usr/sbin:/sbin:/Library/Apple/usr/bin:/Users/macpro/Library/Python/3.8/bin:/usr/local/sbin:/Users/macpro/.config/composer/vendor/bin:/Users/macpro/.composer/vendor/bin:/opt/homebrew/opt/php@8.0/bin:/opt/homebrew/opt/php@8.0/sbin:/Library/Frameworks/Python.framework/Versions/3.10/bin:/Users/macpro/fvm/versions/3.0.0/bin:/Users/macpro/fvm/versions/3.0.0/bin

Yarn version: 
  1.22.19

Node version: 
  18.6.0

Platform: 
  darwin x64

Trace: 
  Error: https://registry.yarnpkg.com/react-route-dom: Not found
      at params.callback [as _callback] (/usr/local/lib/node_modules/yarn/lib/cli.js:66145:18)
      at self.callback (/usr/local/lib/node_modules/yarn/lib/cli.js:140890:22)
      at Request.emit (node:events:513:28)
      at Request.<anonymous> (/usr/local/lib/node_modules/yarn/lib/cli.js:141862:10)
      at Request.emit (node:events:513:28)
      at IncomingMessage.<anonymous> (/usr/local/lib/node_modules/yarn/lib/cli.js:141784:12)
      at Object.onceWrapper (node:events:627:28)
      at IncomingMessage.emit (node:events:525:35)
      at endReadableNT (node:internal/streams/readable:1359:12)
      at process.processTicksAndRejections (node:internal/process/task_queues:82:21)

npm manifest: 
  {
    "name": "06-react-intro",
    "version": "1.0.0",
    "dependencies": {
      "@testing-library/jest-dom": "^5.11.10",
      "@testing-library/react": "^11.2.6",
      "@testing-library/user-event": "^13.1.1",
      "dotenv": "^16.0.2",
      "react": "^17.0.2",
      "react-dom": "^17.0.2",
      "react-scripts": "^4.0.3"
    },
    "scripts": {
      "start": "react-scripts start",
      "build": "react-scripts build",
      "test": "react-scripts test",
      "eject": "react-scripts eject"
    },
    "eslintConfig": {
      "extends": "react-app"
    },
    "browserslist": {
      "production": [
        ">0.2%",
        "not dead",
        "not op_mini all"
      ],
      "development": [
        "last 1 chrome version",
        "last 1 firefox version",
        "last 1 safari version"
      ]
    }
  }

yarn manifest: 
  No manifest

Lockfile: 
  No lockfile
